{"C:\\Users\\fmontenegro\\Documents\\proyectos\\interseguro-reto-tecnico\\api-endosos\\src\\common\\errors\\file:\\C:\\Users\\fmontenegro\\Documents\\proyectos\\interseguro-reto-tecnico\\api-endosos\\src\\common\\errors\\domain-exception.ts": {"path":"C:\\Users\\fmontenegro\\Documents\\proyectos\\interseguro-reto-tecnico\\api-endosos\\src\\common\\errors\\file:\\C:\\Users\\fmontenegro\\Documents\\proyectos\\interseguro-reto-tecnico\\api-endosos\\src\\common\\errors\\domain-exception.ts","statementMap":{"0":{"start":{"line":6,"column":4},"end":{"line":6,"column":19}},"1":{"start":{"line":4,"column":20},"end":{"line":4,"column":32}},"2":{"start":{"line":7,"column":4},"end":{"line":7,"column":32}},"3":{"start":{"line":1,"column":0},"end":{"line":1,"column":22}},"4":{"start":{"line":13,"column":4},"end":{"line":16,"column":6}},"5":{"start":{"line":11,"column":0},"end":{"line":11,"column":13}},"6":{"start":{"line":22,"column":4},"end":{"line":22,"column":95}},"7":{"start":{"line":21,"column":30},"end":{"line":21,"column":53}},"8":{"start":{"line":20,"column":0},"end":{"line":20,"column":13}},"9":{"start":{"line":28,"column":4},"end":{"line":28,"column":121}},"10":{"start":{"line":26,"column":0},"end":{"line":26,"column":13}},"11":{"start":{"line":34,"column":4},"end":{"line":34,"column":102}},"12":{"start":{"line":32,"column":0},"end":{"line":32,"column":13}}},"fnMap":{"0":{"name":"(anonymous_0)","decl":{"start":{"line":2,"column":2},"end":{"line":2,"column":null}},"loc":{"start":{"line":4,"column":32},"end":{"line":8,"column":3}}},"1":{"name":"(anonymous_1)","decl":{"start":{"line":12,"column":2},"end":{"line":12,"column":14}},"loc":{"start":{"line":12,"column":54},"end":{"line":17,"column":3}}},"2":{"name":"(anonymous_2)","decl":{"start":{"line":21,"column":2},"end":{"line":21,"column":30}},"loc":{"start":{"line":21,"column":53},"end":{"line":23,"column":3}}},"3":{"name":"(anonymous_3)","decl":{"start":{"line":27,"column":2},"end":{"line":27,"column":14}},"loc":{"start":{"line":27,"column":52},"end":{"line":29,"column":3}}},"4":{"name":"(anonymous_4)","decl":{"start":{"line":33,"column":2},"end":{"line":33,"column":null}},"loc":{"start":{"line":33,"column":2},"end":{"line":35,"column":3}}}},"branchMap":{},"s":{"0":12,"1":12,"2":12,"3":6,"4":4,"5":6,"6":3,"7":3,"8":6,"9":3,"10":6,"11":2,"12":6},"f":{"0":12,"1":4,"2":3,"3":3,"4":2},"b":{}}
,"C:\\Users\\fmontenegro\\Documents\\proyectos\\interseguro-reto-tecnico\\api-endosos\\src\\common\\errors\\file:\\C:\\Users\\fmontenegro\\Documents\\proyectos\\interseguro-reto-tecnico\\api-endosos\\src\\common\\errors\\error-response.mapper.ts": {"path":"C:\\Users\\fmontenegro\\Documents\\proyectos\\interseguro-reto-tecnico\\api-endosos\\src\\common\\errors\\file:\\C:\\Users\\fmontenegro\\Documents\\proyectos\\interseguro-reto-tecnico\\api-endosos\\src\\common\\errors\\error-response.mapper.ts","statementMap":{"0":{"start":{"line":11,"column":0},"end":{"line":11,"column":16}},"1":{"start":{"line":1,"column":0},"end":{"line":1,"column":56}},"2":{"start":{"line":2,"column":0},"end":{"line":2,"column":112}},"3":{"start":{"line":12,"column":2},"end":{"line":14,"column":3}},"4":{"start":{"line":13,"column":4},"end":{"line":13,"column":130}},"5":{"start":{"line":16,"column":2},"end":{"line":18,"column":3}},"6":{"start":{"line":17,"column":4},"end":{"line":17,"column":88}},"7":{"start":{"line":20,"column":2},"end":{"line":22,"column":3}},"8":{"start":{"line":21,"column":4},"end":{"line":21,"column":88}},"9":{"start":{"line":24,"column":2},"end":{"line":24,"column":82}}},"fnMap":{"0":{"name":"mapErrorToResponse","decl":{"start":{"line":11,"column":16},"end":{"line":11,"column":34}},"loc":{"start":{"line":11,"column":49},"end":{"line":25,"column":1}}}},"branchMap":{"0":{"loc":{"start":{"line":12,"column":2},"end":{"line":14,"column":3}},"type":"if","locations":[{"start":{"line":12,"column":2},"end":{"line":14,"column":3}}]},"1":{"loc":{"start":{"line":16,"column":2},"end":{"line":18,"column":3}},"type":"if","locations":[{"start":{"line":16,"column":2},"end":{"line":18,"column":3}}]},"2":{"loc":{"start":{"line":20,"column":2},"end":{"line":22,"column":3}},"type":"if","locations":[{"start":{"line":20,"column":2},"end":{"line":22,"column":3}}]}},"s":{"0":3,"1":3,"2":3,"3":4,"4":1,"5":3,"6":2,"7":1,"8":0,"9":1},"f":{"0":4},"b":{"0":[1],"1":[2],"2":[0]}}
,"C:\\Users\\fmontenegro\\Documents\\proyectos\\interseguro-reto-tecnico\\api-endosos\\src\\common\\responses\\file:\\C:\\Users\\fmontenegro\\Documents\\proyectos\\interseguro-reto-tecnico\\api-endosos\\src\\common\\responses\\api-response.ts": {"path":"C:\\Users\\fmontenegro\\Documents\\proyectos\\interseguro-reto-tecnico\\api-endosos\\src\\common\\responses\\file:\\C:\\Users\\fmontenegro\\Documents\\proyectos\\interseguro-reto-tecnico\\api-endosos\\src\\common\\responses\\api-response.ts","statementMap":{"0":{"start":{"line":8,"column":4},"end":{"line":8,"column":93}},"1":{"start":{"line":12,"column":4},"end":{"line":12,"column":88}},"2":{"start":{"line":1,"column":0},"end":{"line":1,"column":13}}},"fnMap":{"0":{"name":"(anonymous_0)","decl":{"start":{"line":7,"column":2},"end":{"line":7,"column":8}},"loc":{"start":{"line":7,"column":60},"end":{"line":9,"column":3}}},"1":{"name":"(anonymous_1)","decl":{"start":{"line":11,"column":2},"end":{"line":11,"column":8}},"loc":{"start":{"line":11,"column":83},"end":{"line":13,"column":3}}}},"branchMap":{"0":{"loc":{"start":{"line":7,"column":31},"end":{"line":7,"column":60}},"type":"default-arg","locations":[{"start":{"line":7,"column":56},"end":{"line":7,"column":60}}]},"1":{"loc":{"start":{"line":11,"column":34},"end":{"line":11,"column":55}},"type":"default-arg","locations":[{"start":{"line":11,"column":51},"end":{"line":11,"column":55}}]},"2":{"loc":{"start":{"line":11,"column":57},"end":{"line":11,"column":83}},"type":"default-arg","locations":[{"start":{"line":11,"column":79},"end":{"line":11,"column":83}}]}},"s":{"0":2,"1":11,"2":6},"f":{"0":2,"1":11},"b":{"0":[1],"1":[5],"2":[5]}}
,"C:\\Users\\fmontenegro\\Documents\\proyectos\\interseguro-reto-tecnico\\api-endosos\\src\\features\\endorse-translate\\controllers\\file:\\C:\\Users\\fmontenegro\\Documents\\proyectos\\interseguro-reto-tecnico\\api-endosos\\src\\features\\endorse-translate\\controllers\\endorse-translate.controller.ts": {"path":"C:\\Users\\fmontenegro\\Documents\\proyectos\\interseguro-reto-tecnico\\api-endosos\\src\\features\\endorse-translate\\controllers\\file:\\C:\\Users\\fmontenegro\\Documents\\proyectos\\interseguro-reto-tecnico\\api-endosos\\src\\features\\endorse-translate\\controllers\\endorse-translate.controller.ts","statementMap":{"0":{"start":{"line":2,"column":0},"end":{"line":2,"column":69}},"1":{"start":{"line":7,"column":31},"end":{"line":7,"column":63}},"2":{"start":{"line":9,"column":14},"end":{"line":12,"column":3}},"3":{"start":{"line":10,"column":19},"end":{"line":10,"column":56}},"4":{"start":{"line":11,"column":4},"end":{"line":11,"column":56}},"5":{"start":{"line":6,"column":0},"end":{"line":6,"column":13}}},"fnMap":{"0":{"name":"(anonymous_0)","decl":{"start":{"line":7,"column":2},"end":{"line":7,"column":31}},"loc":{"start":{"line":7,"column":63},"end":{"line":7,"column":67}}},"1":{"name":"(anonymous_1)","decl":{"start":{"line":9,"column":14},"end":{"line":9,"column":19}},"loc":{"start":{"line":9,"column":80},"end":{"line":12,"column":3}}}},"branchMap":{},"s":{"0":3,"1":8,"2":8,"3":3,"4":1,"5":3},"f":{"0":8,"1":3},"b":{}}
,"C:\\Users\\fmontenegro\\Documents\\proyectos\\interseguro-reto-tecnico\\api-endosos\\src\\features\\endorse-translate\\mappers\\file:\\C:\\Users\\fmontenegro\\Documents\\proyectos\\interseguro-reto-tecnico\\api-endosos\\src\\features\\endorse-translate\\mappers\\template-to-json.mapper.ts": {"path":"C:\\Users\\fmontenegro\\Documents\\proyectos\\interseguro-reto-tecnico\\api-endosos\\src\\features\\endorse-translate\\mappers\\file:\\C:\\Users\\fmontenegro\\Documents\\proyectos\\interseguro-reto-tecnico\\api-endosos\\src\\features\\endorse-translate\\mappers\\template-to-json.mapper.ts","statementMap":{"0":{"start":{"line":1,"column":0},"end":{"line":1,"column":null}},"1":{"start":{"line":18,"column":24},"end":{"line":18,"column":74}},"2":{"start":{"line":19,"column":26},"end":{"line":19,"column":65}},"3":{"start":{"line":21,"column":4},"end":{"line":21,"column":79}},"4":{"start":{"line":21,"column":36},"end":{"line":21,"column":79}},"5":{"start":{"line":23,"column":4},"end":{"line":31,"column":6}},"6":{"start":{"line":28,"column":54},"end":{"line":28,"column":110}},"7":{"start":{"line":35,"column":36},"end":{"line":35,"column":38}},"8":{"start":{"line":36,"column":19},"end":{"line":36,"column":64}},"9":{"start":{"line":36,"column":46},"end":{"line":36,"column":63}},"10":{"start":{"line":38,"column":24},"end":{"line":43,"column":6}},"11":{"start":{"line":39,"column":20},"end":{"line":39,"column":83}},"12":{"start":{"line":40,"column":6},"end":{"line":40,"column":84}},"13":{"start":{"line":40,"column":49},"end":{"line":40,"column":84}},"14":{"start":{"line":41,"column":6},"end":{"line":41,"column":50}},"15":{"start":{"line":42,"column":6},"end":{"line":42,"column":62}},"16":{"start":{"line":45,"column":4},"end":{"line":45,"column":90}},"17":{"start":{"line":45,"column":34},"end":{"line":45,"column":90}},"18":{"start":{"line":46,"column":4},"end":{"line":46,"column":23}},"19":{"start":{"line":50,"column":4},"end":{"line":50,"column":67}},"20":{"start":{"line":50,"column":38},"end":{"line":50,"column":65}},"21":{"start":{"line":54,"column":46},"end":{"line":54,"column":48}},"22":{"start":{"line":55,"column":4},"end":{"line":57,"column":5}},"23":{"start":{"line":56,"column":6},"end":{"line":56,"column":90}},"24":{"start":{"line":58,"column":4},"end":{"line":58,"column":20}},"25":{"start":{"line":65,"column":4},"end":{"line":71,"column":6}},"26":{"start":{"line":75,"column":16},"end":{"line":75,"column":60}},"27":{"start":{"line":76,"column":4},"end":{"line":76,"column":50}},"28":{"start":{"line":80,"column":4},"end":{"line":80,"column":65}},"29":{"start":{"line":86,"column":4},"end":{"line":88,"column":5}},"30":{"start":{"line":87,"column":6},"end":{"line":87,"column":95}},"31":{"start":{"line":16,"column":0},"end":{"line":16,"column":13}}},"fnMap":{"0":{"name":"(anonymous_0)","decl":{"start":{"line":17,"column":2},"end":{"line":17,"column":5}},"loc":{"start":{"line":17,"column":53},"end":{"line":32,"column":3}}},"1":{"name":"(anonymous_1)","decl":{"start":{"line":28,"column":46},"end":{"line":28,"column":47}},"loc":{"start":{"line":28,"column":54},"end":{"line":28,"column":110}}},"2":{"name":"(anonymous_2)","decl":{"start":{"line":34,"column":10},"end":{"line":34,"column":26}},"loc":{"start":{"line":34,"column":88},"end":{"line":47,"column":3}}},"3":{"name":"(anonymous_3)","decl":{"start":{"line":36,"column":36},"end":{"line":36,"column":37}},"loc":{"start":{"line":36,"column":46},"end":{"line":36,"column":63}}},"4":{"name":"(anonymous_4)","decl":{"start":{"line":38,"column":35},"end":{"line":38,"column":36}},"loc":{"start":{"line":38,"column":45},"end":{"line":43,"column":5}}},"5":{"name":"(anonymous_5)","decl":{"start":{"line":49,"column":10},"end":{"line":49,"column":22}},"loc":{"start":{"line":49,"column":59},"end":{"line":51,"column":3}}},"6":{"name":"(anonymous_6)","decl":{"start":{"line":50,"column":28},"end":{"line":50,"column":29}},"loc":{"start":{"line":50,"column":38},"end":{"line":50,"column":65}}},"7":{"name":"(anonymous_7)","decl":{"start":{"line":53,"column":10},"end":{"line":53,"column":29}},"loc":{"start":{"line":53,"column":97},"end":{"line":59,"column":3}}},"8":{"name":"(anonymous_8)","decl":{"start":{"line":64,"column":10},"end":{"line":64,"column":31}},"loc":{"start":{"line":64,"column":55},"end":{"line":72,"column":3}}},"9":{"name":"(anonymous_9)","decl":{"start":{"line":74,"column":10},"end":{"line":74,"column":22}},"loc":{"start":{"line":74,"column":103},"end":{"line":77,"column":3}}},"10":{"name":"(anonymous_10)","decl":{"start":{"line":79,"column":10},"end":{"line":79,"column":17}},"loc":{"start":{"line":79,"column":32},"end":{"line":81,"column":3}}},"11":{"name":"(anonymous_11)","decl":{"start":{"line":85,"column":10},"end":{"line":85,"column":25}},"loc":{"start":{"line":85,"column":58},"end":{"line":89,"column":3}}}},"branchMap":{"0":{"loc":{"start":{"line":21,"column":4},"end":{"line":21,"column":79}},"type":"if","locations":[{"start":{"line":21,"column":4},"end":{"line":21,"column":79}}]},"1":{"loc":{"start":{"line":40,"column":6},"end":{"line":40,"column":84}},"type":"if","locations":[{"start":{"line":40,"column":6},"end":{"line":40,"column":84}}]},"2":{"loc":{"start":{"line":40,"column":10},"end":{"line":40,"column":47}},"type":"binary-expr","locations":[{"start":{"line":40,"column":10},"end":{"line":40,"column":24}},{"start":{"line":40,"column":28},"end":{"line":40,"column":47}}]},"3":{"loc":{"start":{"line":42,"column":48},"end":{"line":42,"column":59}},"type":"binary-expr","locations":[{"start":{"line":42,"column":48},"end":{"line":42,"column":53}},{"start":{"line":42,"column":57},"end":{"line":42,"column":59}}]},"4":{"loc":{"start":{"line":45,"column":4},"end":{"line":45,"column":90}},"type":"if","locations":[{"start":{"line":45,"column":4},"end":{"line":45,"column":90}}]},"5":{"loc":{"start":{"line":56,"column":53},"end":{"line":56,"column":87}},"type":"binary-expr","locations":[{"start":{"line":56,"column":53},"end":{"line":56,"column":79}},{"start":{"line":56,"column":83},"end":{"line":56,"column":87}}]},"6":{"loc":{"start":{"line":68,"column":36},"end":{"line":68,"column":54}},"type":"binary-expr","locations":[{"start":{"line":68,"column":36},"end":{"line":68,"column":46}},{"start":{"line":68,"column":50},"end":{"line":68,"column":54}}]},"7":{"loc":{"start":{"line":75,"column":16},"end":{"line":75,"column":60}},"type":"cond-expr","locations":[{"start":{"line":75,"column":30},"end":{"line":75,"column":48}},{"start":{"line":75,"column":51},"end":{"line":75,"column":60}}]},"8":{"loc":{"start":{"line":76,"column":11},"end":{"line":76,"column":49}},"type":"cond-expr","locations":[{"start":{"line":76,"column":31},"end":{"line":76,"column":43}},{"start":{"line":76,"column":46},"end":{"line":76,"column":49}}]},"9":{"loc":{"start":{"line":80,"column":11},"end":{"line":80,"column":64}},"type":"binary-expr","locations":[{"start":{"line":80,"column":11},"end":{"line":80,"column":30}},{"start":{"line":80,"column":34},"end":{"line":80,"column":48}},{"start":{"line":80,"column":52},"end":{"line":80,"column":64}}]},"10":{"loc":{"start":{"line":86,"column":4},"end":{"line":88,"column":5}},"type":"if","locations":[{"start":{"line":86,"column":4},"end":{"line":88,"column":5}}]},"11":{"loc":{"start":{"line":86,"column":8},"end":{"line":86,"column":51}},"type":"binary-expr","locations":[{"start":{"line":86,"column":8},"end":{"line":86,"column":22}},{"start":{"line":86,"column":26},"end":{"line":86,"column":51}}]},"12":{"loc":{"start":{"line":87,"column":52},"end":{"line":87,"column":93}},"type":"cond-expr","locations":[{"start":{"line":87,"column":75},"end":{"line":87,"column":82}},{"start":{"line":87,"column":85},"end":{"line":87,"column":93}}]}},"s":{"0":4,"1":8,"2":5,"3":5,"4":1,"5":4,"6":7,"7":8,"8":8,"9":15,"10":8,"11":22,"12":22,"13":1,"14":22,"15":20,"16":6,"17":1,"18":5,"19":5,"20":3,"21":4,"22":4,"23":9,"24":4,"25":4,"26":22,"27":22,"28":32,"29":22,"30":2,"31":4},"f":{"0":8,"1":7,"2":8,"3":15,"4":22,"5":5,"6":3,"7":4,"8":4,"9":22,"10":32,"11":22},"b":{"0":[1],"1":[1],"2":[22,10],"3":[20,2],"4":[1],"5":[9,0],"6":[4,1],"7":[13,9],"8":[11,11],"9":[32,21,20],"10":[2],"11":[22,20],"12":[1,1]}}
,"C:\\Users\\fmontenegro\\Documents\\proyectos\\interseguro-reto-tecnico\\api-endosos\\src\\features\\endorse-translate\\routes\\file:\\C:\\Users\\fmontenegro\\Documents\\proyectos\\interseguro-reto-tecnico\\api-endosos\\src\\features\\endorse-translate\\routes\\endorse-translate.routes.ts": {"path":"C:\\Users\\fmontenegro\\Documents\\proyectos\\interseguro-reto-tecnico\\api-endosos\\src\\features\\endorse-translate\\routes\\file:\\C:\\Users\\fmontenegro\\Documents\\proyectos\\interseguro-reto-tecnico\\api-endosos\\src\\features\\endorse-translate\\routes\\endorse-translate.routes.ts","statementMap":{"0":{"start":{"line":14,"column":0},"end":{"line":14,"column":16}},"1":{"start":{"line":2,"column":0},"end":{"line":2,"column":22}},"2":{"start":{"line":7,"column":38},"end":{"line":12,"column":16}},"3":{"start":{"line":15,"column":2},"end":{"line":25,"column":4}},"4":{"start":{"line":23,"column":31},"end":{"line":23,"column":80}}},"fnMap":{"0":{"name":"buildEndorseTranslateRoutes","decl":{"start":{"line":14,"column":16},"end":{"line":14,"column":43}},"loc":{"start":{"line":14,"column":82},"end":{"line":26,"column":1}}},"1":{"name":"(anonymous_2)","decl":{"start":{"line":23,"column":15},"end":{"line":23,"column":16}},"loc":{"start":{"line":23,"column":31},"end":{"line":23,"column":80}}}},"branchMap":{},"s":{"0":3,"1":3,"2":3,"3":10,"4":2},"f":{"0":10,"1":2},"b":{}}
,"C:\\Users\\fmontenegro\\Documents\\proyectos\\interseguro-reto-tecnico\\api-endosos\\src\\features\\endorse-translate\\services\\file:\\C:\\Users\\fmontenegro\\Documents\\proyectos\\interseguro-reto-tecnico\\api-endosos\\src\\features\\endorse-translate\\services\\endorse-translate.service.ts": {"path":"C:\\Users\\fmontenegro\\Documents\\proyectos\\interseguro-reto-tecnico\\api-endosos\\src\\features\\endorse-translate\\services\\file:\\C:\\Users\\fmontenegro\\Documents\\proyectos\\interseguro-reto-tecnico\\api-endosos\\src\\features\\endorse-translate\\services\\endorse-translate.service.ts","statementMap":{"0":{"start":{"line":1,"column":0},"end":{"line":1,"column":84}},"1":{"start":{"line":8,"column":21},"end":{"line":8,"column":59}},"2":{"start":{"line":9,"column":21},"end":{"line":9,"column":49}},"3":{"start":{"line":13,"column":19},"end":{"line":13,"column":101}},"4":{"start":{"line":14,"column":4},"end":{"line":14,"column":87}},"5":{"start":{"line":14,"column":17},"end":{"line":14,"column":87}},"6":{"start":{"line":16,"column":4},"end":{"line":16,"column":42}},"7":{"start":{"line":6,"column":0},"end":{"line":6,"column":13}}},"fnMap":{"0":{"name":"(anonymous_0)","decl":{"start":{"line":7,"column":2},"end":{"line":7,"column":null}},"loc":{"start":{"line":9,"column":49},"end":{"line":10,"column":6}}},"1":{"name":"(anonymous_1)","decl":{"start":{"line":12,"column":2},"end":{"line":12,"column":7}},"loc":{"start":{"line":12,"column":51},"end":{"line":17,"column":3}}}},"branchMap":{"0":{"loc":{"start":{"line":14,"column":4},"end":{"line":14,"column":87}},"type":"if","locations":[{"start":{"line":14,"column":4},"end":{"line":14,"column":87}}]}},"s":{"0":3,"1":9,"2":9,"3":4,"4":3,"5":2,"6":1,"7":3},"f":{"0":9,"1":4},"b":{"0":[2]}}
,"C:\\Users\\fmontenegro\\Documents\\proyectos\\interseguro-reto-tecnico\\api-endosos\\src\\file:\\C:\\Users\\fmontenegro\\Documents\\proyectos\\interseguro-reto-tecnico\\api-endosos\\src\\app.ts": {"path":"C:\\Users\\fmontenegro\\Documents\\proyectos\\interseguro-reto-tecnico\\api-endosos\\src\\file:\\C:\\Users\\fmontenegro\\Documents\\proyectos\\interseguro-reto-tecnico\\api-endosos\\src\\app.ts","statementMap":{"0":{"start":{"line":16,"column":0},"end":{"line":16,"column":7}},"1":{"start":{"line":1,"column":0},"end":{"line":1,"column":30}},"2":{"start":{"line":2,"column":0},"end":{"line":2,"column":30}},"3":{"start":{"line":4,"column":0},"end":{"line":4,"column":62}},"4":{"start":{"line":5,"column":0},"end":{"line":5,"column":67}},"5":{"start":{"line":6,"column":0},"end":{"line":6,"column":75}},"6":{"start":{"line":7,"column":0},"end":{"line":7,"column":115}},"7":{"start":{"line":8,"column":0},"end":{"line":8,"column":107}},"8":{"start":{"line":9,"column":0},"end":{"line":9,"column":100}},"9":{"start":{"line":10,"column":0},"end":{"line":10,"column":106}},"10":{"start":{"line":11,"column":0},"end":{"line":11,"column":72}},"11":{"start":{"line":12,"column":0},"end":{"line":12,"column":76}},"12":{"start":{"line":13,"column":0},"end":{"line":13,"column":114}},"13":{"start":{"line":17,"column":17},"end":{"line":23,"column":4}},"14":{"start":{"line":25,"column":2},"end":{"line":25,"column":121}},"15":{"start":{"line":26,"column":2},"end":{"line":26,"column":59}},"16":{"start":{"line":28,"column":29},"end":{"line":28,"column":70}},"17":{"start":{"line":29,"column":21},"end":{"line":29,"column":128}},"18":{"start":{"line":30,"column":2},"end":{"line":30,"column":56}},"19":{"start":{"line":32,"column":2},"end":{"line":32,"column":112}},"20":{"start":{"line":32,"column":91},"end":{"line":32,"column":107}},"21":{"start":{"line":34,"column":2},"end":{"line":48,"column":5}},"22":{"start":{"line":35,"column":21},"end":{"line":35,"column":37}},"23":{"start":{"line":37,"column":4},"end":{"line":40,"column":5}},"24":{"start":{"line":38,"column":35},"end":{"line":38,"column":63}},"25":{"start":{"line":39,"column":6},"end":{"line":39,"column":47}},"26":{"start":{"line":41,"column":4},"end":{"line":46,"column":5}},"27":{"start":{"line":45,"column":6},"end":{"line":45,"column":108}},"28":{"start":{"line":47,"column":4},"end":{"line":47,"column":22}},"29":{"start":{"line":50,"column":2},"end":{"line":50,"column":16}}},"fnMap":{"0":{"name":"createApp","decl":{"start":{"line":16,"column":22},"end":{"line":16,"column":31}},"loc":{"start":{"line":16,"column":75},"end":{"line":51,"column":1}}},"1":{"name":"(anonymous_2)","decl":{"start":{"line":32,"column":84},"end":{"line":32,"column":87}},"loc":{"start":{"line":32,"column":91},"end":{"line":32,"column":107}}},"2":{"name":"(anonymous_3)","decl":{"start":{"line":34,"column":30},"end":{"line":34,"column":31}},"loc":{"start":{"line":34,"column":45},"end":{"line":48,"column":3}}}},"branchMap":{"0":{"loc":{"start":{"line":18,"column":10},"end":{"line":18,"column":34}},"type":"binary-expr","locations":[{"start":{"line":18,"column":10},"end":{"line":18,"column":26}},{"start":{"line":18,"column":30},"end":{"line":18,"column":34}}]},"1":{"loc":{"start":{"line":22,"column":31},"end":{"line":22,"column":80}},"type":"binary-expr","locations":[{"start":{"line":22,"column":31},"end":{"line":22,"column":53}},{"start":{"line":22,"column":57},"end":{"line":22,"column":80}}]},"2":{"loc":{"start":{"line":37,"column":4},"end":{"line":40,"column":5}},"type":"if","locations":[{"start":{"line":37,"column":4},"end":{"line":40,"column":5}}]},"3":{"loc":{"start":{"line":41,"column":4},"end":{"line":46,"column":5}},"type":"if","locations":[{"start":{"line":41,"column":4},"end":{"line":46,"column":5}}]}},"s":{"0":2,"1":2,"2":2,"3":2,"4":2,"5":2,"6":2,"7":2,"8":2,"9":2,"10":2,"11":2,"12":2,"13":7,"14":7,"15":7,"16":7,"17":7,"18":7,"19":7,"20":1,"21":7,"22":7,"23":7,"24":1,"25":1,"26":6,"27":4,"28":2,"29":7},"f":{"0":7,"1":1,"2":7},"b":{"0":[7,7],"1":[7,7],"2":[1],"3":[4]}}
,"C:\\Users\\fmontenegro\\Documents\\proyectos\\interseguro-reto-tecnico\\api-endosos\\src\\file:\\C:\\Users\\fmontenegro\\Documents\\proyectos\\interseguro-reto-tecnico\\api-endosos\\src\\server.ts": {"path":"C:\\Users\\fmontenegro\\Documents\\proyectos\\interseguro-reto-tecnico\\api-endosos\\src\\file:\\C:\\Users\\fmontenegro\\Documents\\proyectos\\interseguro-reto-tecnico\\api-endosos\\src\\server.ts","statementMap":{"0":{"start":{"line":7,"column":0},"end":{"line":7,"column":7}},"1":{"start":{"line":1,"column":0},"end":{"line":1,"column":26}},"2":{"start":{"line":2,"column":0},"end":{"line":2,"column":34}},"3":{"start":{"line":3,"column":0},"end":{"line":3,"column":76}},"4":{"start":{"line":4,"column":0},"end":{"line":4,"column":69}},"5":{"start":{"line":5,"column":0},"end":{"line":5,"column":75}},"6":{"start":{"line":8,"column":18},"end":{"line":13,"column":4}},"7":{"start":{"line":15,"column":21},"end":{"line":15,"column":58}},"8":{"start":{"line":16,"column":2},"end":{"line":16,"column":32}},"9":{"start":{"line":17,"column":2},"end":{"line":17,"column":37}},"10":{"start":{"line":19,"column":17},"end":{"line":19,"column":53}},"11":{"start":{"line":20,"column":2},"end":{"line":20,"column":23}},"12":{"start":{"line":21,"column":2},"end":{"line":21,"column":73}}},"fnMap":{"0":{"name":"main","decl":{"start":{"line":7,"column":22},"end":{"line":7,"column":26}},"loc":{"start":{"line":7,"column":26},"end":{"line":22,"column":1}}}},"branchMap":{"0":{"loc":{"start":{"line":9,"column":15},"end":{"line":9,"column":90}},"type":"binary-expr","locations":[{"start":{"line":9,"column":15},"end":{"line":9,"column":37}},{"start":{"line":9,"column":41},"end":{"line":9,"column":90}}]},"1":{"loc":{"start":{"line":10,"column":15},"end":{"line":10,"column":51}},"type":"binary-expr","locations":[{"start":{"line":10,"column":15},"end":{"line":10,"column":37}},{"start":{"line":10,"column":41},"end":{"line":10,"column":51}}]},"2":{"loc":{"start":{"line":11,"column":17},"end":{"line":11,"column":63}},"type":"binary-expr","locations":[{"start":{"line":11,"column":17},"end":{"line":11,"column":41}},{"start":{"line":11,"column":45},"end":{"line":11,"column":63}}]},"3":{"loc":{"start":{"line":12,"column":17},"end":{"line":12,"column":110}},"type":"binary-expr","locations":[{"start":{"line":12,"column":17},"end":{"line":12,"column":41}},{"start":{"line":12,"column":45},"end":{"line":12,"column":110}}]}},"s":{"0":1,"1":1,"2":1,"3":1,"4":1,"5":1,"6":1,"7":1,"8":1,"9":1,"10":1,"11":1,"12":1},"f":{"0":1},"b":{"0":[1,1],"1":[1,1],"2":[1,1],"3":[1,1]}}
,"C:\\Users\\fmontenegro\\Documents\\proyectos\\interseguro-reto-tecnico\\api-endosos\\src\\infrastructure\\auth\\file:\\C:\\Users\\fmontenegro\\Documents\\proyectos\\interseguro-reto-tecnico\\api-endosos\\src\\infrastructure\\auth\\jwt-auth.plugin.ts": {"path":"C:\\Users\\fmontenegro\\Documents\\proyectos\\interseguro-reto-tecnico\\api-endosos\\src\\infrastructure\\auth\\file:\\C:\\Users\\fmontenegro\\Documents\\proyectos\\interseguro-reto-tecnico\\api-endosos\\src\\infrastructure\\auth\\jwt-auth.plugin.ts","statementMap":{"0":{"start":{"line":17,"column":0},"end":{"line":17,"column":7}},"1":{"start":{"line":2,"column":0},"end":{"line":2,"column":32}},"2":{"start":{"line":12,"column":13},"end":{"line":12,"column":89}},"3":{"start":{"line":13,"column":13},"end":{"line":13,"column":40}},"4":{"start":{"line":18,"column":2},"end":{"line":18,"column":33}},"5":{"start":{"line":20,"column":2},"end":{"line":35,"column":5}},"6":{"start":{"line":30,"column":6},"end":{"line":32,"column":7}},"7":{"start":{"line":31,"column":8},"end":{"line":31,"column":34}},"8":{"start":{"line":33,"column":6},"end":{"line":33,"column":71}},"9":{"start":{"line":37,"column":2},"end":{"line":37,"column":29}}},"fnMap":{"0":{"name":"registerJwtAuth","decl":{"start":{"line":17,"column":22},"end":{"line":17,"column":37}},"loc":{"start":{"line":17,"column":80},"end":{"line":38,"column":1}}},"1":{"name":"(anonymous_2)","decl":{"start":{"line":29,"column":14},"end":{"line":29,"column":15}},"loc":{"start":{"line":29,"column":79},"end":{"line":34,"column":5}}}},"branchMap":{"0":{"loc":{"start":{"line":30,"column":6},"end":{"line":32,"column":7}},"type":"if","locations":[{"start":{"line":30,"column":6},"end":{"line":32,"column":7}}]}},"s":{"0":3,"1":3,"2":3,"3":3,"4":11,"5":11,"6":7,"7":3,"8":4,"9":11},"f":{"0":11,"1":7},"b":{"0":[3]}}
,"C:\\Users\\fmontenegro\\Documents\\proyectos\\interseguro-reto-tecnico\\api-endosos\\src\\infrastructure\\http\\file:\\C:\\Users\\fmontenegro\\Documents\\proyectos\\interseguro-reto-tecnico\\api-endosos\\src\\infrastructure\\http\\rate-limit.plugin.ts": {"path":"C:\\Users\\fmontenegro\\Documents\\proyectos\\interseguro-reto-tecnico\\api-endosos\\src\\infrastructure\\http\\file:\\C:\\Users\\fmontenegro\\Documents\\proyectos\\interseguro-reto-tecnico\\api-endosos\\src\\infrastructure\\http\\rate-limit.plugin.ts","statementMap":{"0":{"start":{"line":17,"column":0},"end":{"line":17,"column":16}},"1":{"start":{"line":2,"column":0},"end":{"line":2,"column":66}},"2":{"start":{"line":18,"column":18},"end":{"line":18,"column":43}},"3":{"start":{"line":20,"column":2},"end":{"line":39,"column":5}},"4":{"start":{"line":21,"column":16},"end":{"line":21,"column":42}},"5":{"start":{"line":22,"column":20},"end":{"line":22,"column":25}},"6":{"start":{"line":23,"column":19},"end":{"line":23,"column":35}},"7":{"start":{"line":25,"column":4},"end":{"line":28,"column":5}},"8":{"start":{"line":26,"column":6},"end":{"line":26,"column":66}},"9":{"start":{"line":27,"column":6},"end":{"line":27,"column":24}},"10":{"start":{"line":30,"column":4},"end":{"line":30,"column":22}},"11":{"start":{"line":31,"column":4},"end":{"line":36,"column":5}},"12":{"start":{"line":32,"column":6},"end":{"line":35,"column":20}},"13":{"start":{"line":38,"column":4},"end":{"line":38,"column":22}}},"fnMap":{"0":{"name":"registerRateLimit","decl":{"start":{"line":17,"column":16},"end":{"line":17,"column":33}},"loc":{"start":{"line":17,"column":106},"end":{"line":40,"column":1}}},"1":{"name":"(anonymous_1)","decl":{"start":{"line":20,"column":26},"end":{"line":20,"column":27}},"loc":{"start":{"line":20,"column":41},"end":{"line":39,"column":3}}}},"branchMap":{"0":{"loc":{"start":{"line":17,"column":72},"end":{"line":17,"column":86}},"type":"default-arg","locations":[{"start":{"line":17,"column":78},"end":{"line":17,"column":86}}]},"1":{"loc":{"start":{"line":25,"column":4},"end":{"line":28,"column":5}},"type":"if","locations":[{"start":{"line":25,"column":4},"end":{"line":28,"column":5}}]},"2":{"loc":{"start":{"line":25,"column":8},"end":{"line":25,"column":44}},"type":"binary-expr","locations":[{"start":{"line":25,"column":8},"end":{"line":25,"column":15}},{"start":{"line":25,"column":19},"end":{"line":25,"column":44}}]},"3":{"loc":{"start":{"line":31,"column":4},"end":{"line":36,"column":5}},"type":"if","locations":[{"start":{"line":31,"column":4},"end":{"line":36,"column":5}}]}},"s":{"0":3,"1":3,"2":10,"3":10,"4":14,"5":14,"6":14,"7":14,"8":10,"9":10,"10":4,"11":4,"12":2,"13":2},"f":{"0":10,"1":14},"b":{"0":[7],"1":[10],"2":[14,5],"3":[2]}}
,"C:\\Users\\fmontenegro\\Documents\\proyectos\\interseguro-reto-tecnico\\api-endosos\\src\\infrastructure\\persistence\\entities\\file:\\C:\\Users\\fmontenegro\\Documents\\proyectos\\interseguro-reto-tecnico\\api-endosos\\src\\infrastructure\\persistence\\entities\\catalog.entity.ts": {"path":"C:\\Users\\fmontenegro\\Documents\\proyectos\\interseguro-reto-tecnico\\api-endosos\\src\\infrastructure\\persistence\\entities\\file:\\C:\\Users\\fmontenegro\\Documents\\proyectos\\interseguro-reto-tecnico\\api-endosos\\src\\infrastructure\\persistence\\entities\\catalog.entity.ts","statementMap":{"0":{"start":{"line":1,"column":0},"end":{"line":1,"column":65}},"1":{"start":{"line":4,"column":7},"end":{"line":13,"column":null}},"2":{"start":{"line":4,"column":13},"end":{"line":4,"column":26}},"3":{"start":{"line":6,"column":2},"end":{"line":6,"column":null}},"4":{"start":{"line":9,"column":2},"end":{"line":9,"column":null}},"5":{"start":{"line":12,"column":2},"end":{"line":12,"column":null}},"6":{"start":{"line":4,"column":13},"end":{"line":13,"column":null}},"7":{"start":{"line":16,"column":7},"end":{"line":25,"column":null}},"8":{"start":{"line":16,"column":13},"end":{"line":16,"column":34}},"9":{"start":{"line":18,"column":2},"end":{"line":18,"column":null}},"10":{"start":{"line":21,"column":2},"end":{"line":21,"column":null}},"11":{"start":{"line":24,"column":2},"end":{"line":24,"column":null}},"12":{"start":{"line":16,"column":13},"end":{"line":25,"column":null}}},"fnMap":{},"branchMap":{},"s":{"0":10,"1":10,"2":10,"3":10,"4":10,"5":10,"6":10,"7":10,"8":10,"9":10,"10":10,"11":10,"12":10},"f":{},"b":{}}
,"C:\\Users\\fmontenegro\\Documents\\proyectos\\interseguro-reto-tecnico\\api-endosos\\src\\infrastructure\\persistence\\entities\\file:\\C:\\Users\\fmontenegro\\Documents\\proyectos\\interseguro-reto-tecnico\\api-endosos\\src\\infrastructure\\persistence\\entities\\template-detail.entity.ts": {"path":"C:\\Users\\fmontenegro\\Documents\\proyectos\\interseguro-reto-tecnico\\api-endosos\\src\\infrastructure\\persistence\\entities\\file:\\C:\\Users\\fmontenegro\\Documents\\proyectos\\interseguro-reto-tecnico\\api-endosos\\src\\infrastructure\\persistence\\entities\\template-detail.entity.ts","statementMap":{"0":{"start":{"line":1,"column":0},"end":{"line":1,"column":88}},"1":{"start":{"line":2,"column":0},"end":{"line":2,"column":51}},"2":{"start":{"line":6,"column":7},"end":{"line":31,"column":null}},"3":{"start":{"line":6,"column":13},"end":{"line":6,"column":39}},"4":{"start":{"line":8,"column":2},"end":{"line":8,"column":null}},"5":{"start":{"line":12,"column":2},"end":{"line":12,"column":null}},"6":{"start":{"line":10,"column":19},"end":{"line":10,"column":33}},"7":{"start":{"line":10,"column":49},"end":{"line":10,"column":71}},"8":{"start":{"line":15,"column":2},"end":{"line":15,"column":null}},"9":{"start":{"line":18,"column":2},"end":{"line":18,"column":null}},"10":{"start":{"line":24,"column":2},"end":{"line":24,"column":null}},"11":{"start":{"line":27,"column":2},"end":{"line":27,"column":null}},"12":{"start":{"line":30,"column":2},"end":{"line":30,"column":null}},"13":{"start":{"line":6,"column":13},"end":{"line":31,"column":null}},"14":{"start":{"line":35,"column":7},"end":{"line":48,"column":null}},"15":{"start":{"line":35,"column":13},"end":{"line":35,"column":39}},"16":{"start":{"line":37,"column":2},"end":{"line":37,"column":null}},"17":{"start":{"line":41,"column":2},"end":{"line":41,"column":null}},"18":{"start":{"line":39,"column":19},"end":{"line":39,"column":33}},"19":{"start":{"line":39,"column":49},"end":{"line":39,"column":71}},"20":{"start":{"line":44,"column":2},"end":{"line":44,"column":null}},"21":{"start":{"line":47,"column":2},"end":{"line":47,"column":null}},"22":{"start":{"line":35,"column":13},"end":{"line":48,"column":null}},"23":{"start":{"line":53,"column":7},"end":{"line":66,"column":null}},"24":{"start":{"line":53,"column":13},"end":{"line":53,"column":40}},"25":{"start":{"line":55,"column":2},"end":{"line":55,"column":null}},"26":{"start":{"line":59,"column":2},"end":{"line":59,"column":null}},"27":{"start":{"line":57,"column":19},"end":{"line":57,"column":33}},"28":{"start":{"line":57,"column":49},"end":{"line":57,"column":72}},"29":{"start":{"line":62,"column":2},"end":{"line":62,"column":null}},"30":{"start":{"line":65,"column":2},"end":{"line":65,"column":null}},"31":{"start":{"line":53,"column":13},"end":{"line":66,"column":null}}},"fnMap":{"0":{"name":"(anonymous_2)","decl":{"start":{"line":10,"column":13},"end":{"line":10,"column":16}},"loc":{"start":{"line":10,"column":19},"end":{"line":10,"column":33}}},"1":{"name":"(anonymous_3)","decl":{"start":{"line":10,"column":35},"end":{"line":10,"column":36}},"loc":{"start":{"line":10,"column":49},"end":{"line":10,"column":71}}},"2":{"name":"(anonymous_4)","decl":{"start":{"line":39,"column":13},"end":{"line":39,"column":16}},"loc":{"start":{"line":39,"column":19},"end":{"line":39,"column":33}}},"3":{"name":"(anonymous_5)","decl":{"start":{"line":39,"column":35},"end":{"line":39,"column":36}},"loc":{"start":{"line":39,"column":49},"end":{"line":39,"column":71}}},"4":{"name":"(anonymous_6)","decl":{"start":{"line":57,"column":13},"end":{"line":57,"column":16}},"loc":{"start":{"line":57,"column":19},"end":{"line":57,"column":33}}},"5":{"name":"(anonymous_7)","decl":{"start":{"line":57,"column":35},"end":{"line":57,"column":36}},"loc":{"start":{"line":57,"column":49},"end":{"line":57,"column":72}}}},"branchMap":{},"s":{"0":9,"1":9,"2":9,"3":9,"4":9,"5":9,"6":0,"7":0,"8":9,"9":9,"10":9,"11":9,"12":9,"13":9,"14":9,"15":9,"16":9,"17":9,"18":0,"19":0,"20":9,"21":9,"22":9,"23":9,"24":9,"25":9,"26":9,"27":0,"28":0,"29":9,"30":9,"31":9},"f":{"0":0,"1":0,"2":0,"3":0,"4":0,"5":0},"b":{}}
,"C:\\Users\\fmontenegro\\Documents\\proyectos\\interseguro-reto-tecnico\\api-endosos\\src\\infrastructure\\persistence\\entities\\file:\\C:\\Users\\fmontenegro\\Documents\\proyectos\\interseguro-reto-tecnico\\api-endosos\\src\\infrastructure\\persistence\\entities\\template.entity.ts": {"path":"C:\\Users\\fmontenegro\\Documents\\proyectos\\interseguro-reto-tecnico\\api-endosos\\src\\infrastructure\\persistence\\entities\\file:\\C:\\Users\\fmontenegro\\Documents\\proyectos\\interseguro-reto-tecnico\\api-endosos\\src\\infrastructure\\persistence\\entities\\template.entity.ts","statementMap":{"0":{"start":{"line":1,"column":0},"end":{"line":1,"column":106}},"1":{"start":{"line":2,"column":0},"end":{"line":2,"column":72}},"2":{"start":{"line":3,"column":0},"end":{"line":3,"column":127}},"3":{"start":{"line":14,"column":7},"end":{"line":40,"column":null}},"4":{"start":{"line":14,"column":13},"end":{"line":14,"column":27}},"5":{"start":{"line":16,"column":2},"end":{"line":16,"column":null}},"6":{"start":{"line":20,"column":2},"end":{"line":20,"column":null}},"7":{"start":{"line":18,"column":19},"end":{"line":18,"column":32}},"8":{"start":{"line":24,"column":2},"end":{"line":24,"column":null}},"9":{"start":{"line":22,"column":19},"end":{"line":22,"column":40}},"10":{"start":{"line":27,"column":2},"end":{"line":27,"column":null}},"11":{"start":{"line":30,"column":2},"end":{"line":30,"column":null}},"12":{"start":{"line":33,"column":2},"end":{"line":33,"column":null}},"13":{"start":{"line":32,"column":19},"end":{"line":32,"column":45}},"14":{"start":{"line":32,"column":58},"end":{"line":32,"column":72}},"15":{"start":{"line":36,"column":2},"end":{"line":36,"column":null}},"16":{"start":{"line":35,"column":19},"end":{"line":35,"column":45}},"17":{"start":{"line":35,"column":58},"end":{"line":35,"column":72}},"18":{"start":{"line":39,"column":2},"end":{"line":39,"column":null}},"19":{"start":{"line":38,"column":19},"end":{"line":38,"column":46}},"20":{"start":{"line":38,"column":61},"end":{"line":38,"column":77}},"21":{"start":{"line":14,"column":13},"end":{"line":40,"column":null}}},"fnMap":{"0":{"name":"(anonymous_2)","decl":{"start":{"line":18,"column":13},"end":{"line":18,"column":16}},"loc":{"start":{"line":18,"column":19},"end":{"line":18,"column":32}}},"1":{"name":"(anonymous_3)","decl":{"start":{"line":22,"column":13},"end":{"line":22,"column":16}},"loc":{"start":{"line":22,"column":19},"end":{"line":22,"column":40}}},"2":{"name":"(anonymous_4)","decl":{"start":{"line":32,"column":13},"end":{"line":32,"column":16}},"loc":{"start":{"line":32,"column":19},"end":{"line":32,"column":45}}},"3":{"name":"(anonymous_5)","decl":{"start":{"line":32,"column":47},"end":{"line":32,"column":48}},"loc":{"start":{"line":32,"column":58},"end":{"line":32,"column":72}}},"4":{"name":"(anonymous_6)","decl":{"start":{"line":35,"column":13},"end":{"line":35,"column":16}},"loc":{"start":{"line":35,"column":19},"end":{"line":35,"column":45}}},"5":{"name":"(anonymous_7)","decl":{"start":{"line":35,"column":47},"end":{"line":35,"column":48}},"loc":{"start":{"line":35,"column":58},"end":{"line":35,"column":72}}},"6":{"name":"(anonymous_8)","decl":{"start":{"line":38,"column":13},"end":{"line":38,"column":16}},"loc":{"start":{"line":38,"column":19},"end":{"line":38,"column":46}}},"7":{"name":"(anonymous_9)","decl":{"start":{"line":38,"column":48},"end":{"line":38,"column":49}},"loc":{"start":{"line":38,"column":61},"end":{"line":38,"column":77}}}},"branchMap":{},"s":{"0":9,"1":9,"2":9,"3":9,"4":9,"5":9,"6":9,"7":0,"8":9,"9":0,"10":9,"11":9,"12":9,"13":0,"14":0,"15":9,"16":0,"17":0,"18":9,"19":0,"20":0,"21":9},"f":{"0":0,"1":0,"2":0,"3":0,"4":0,"5":0,"6":0,"7":0},"b":{}}
,"C:\\Users\\fmontenegro\\Documents\\proyectos\\interseguro-reto-tecnico\\api-endosos\\src\\infrastructure\\persistence\\file:\\C:\\Users\\fmontenegro\\Documents\\proyectos\\interseguro-reto-tecnico\\api-endosos\\src\\infrastructure\\persistence\\data-source.ts": {"path":"C:\\Users\\fmontenegro\\Documents\\proyectos\\interseguro-reto-tecnico\\api-endosos\\src\\infrastructure\\persistence\\file:\\C:\\Users\\fmontenegro\\Documents\\proyectos\\interseguro-reto-tecnico\\api-endosos\\src\\infrastructure\\persistence\\data-source.ts","statementMap":{"0":{"start":{"line":7,"column":0},"end":{"line":7,"column":16}},"1":{"start":{"line":1,"column":0},"end":{"line":1,"column":26}},"2":{"start":{"line":2,"column":0},"end":{"line":2,"column":37}},"3":{"start":{"line":3,"column":0},"end":{"line":3,"column":81}},"4":{"start":{"line":4,"column":0},"end":{"line":4,"column":136}},"5":{"start":{"line":5,"column":0},"end":{"line":5,"column":60}},"6":{"start":{"line":8,"column":2},"end":{"line":22,"column":5}}},"fnMap":{"0":{"name":"createDataSource","decl":{"start":{"line":7,"column":16},"end":{"line":7,"column":32}},"loc":{"start":{"line":7,"column":54},"end":{"line":23,"column":1}}}},"branchMap":{},"s":{"0":2,"1":2,"2":2,"3":2,"4":2,"5":2,"6":1},"f":{"0":1},"b":{}}
,"C:\\Users\\fmontenegro\\Documents\\proyectos\\interseguro-reto-tecnico\\api-endosos\\src\\infrastructure\\persistence\\file:\\C:\\Users\\fmontenegro\\Documents\\proyectos\\interseguro-reto-tecnico\\api-endosos\\src\\infrastructure\\persistence\\seed.ts": {"path":"C:\\Users\\fmontenegro\\Documents\\proyectos\\interseguro-reto-tecnico\\api-endosos\\src\\infrastructure\\persistence\\file:\\C:\\Users\\fmontenegro\\Documents\\proyectos\\interseguro-reto-tecnico\\api-endosos\\src\\infrastructure\\persistence\\seed.ts","statementMap":{"0":{"start":{"line":31,"column":0},"end":{"line":31,"column":7}},"1":{"start":{"line":2,"column":0},"end":{"line":2,"column":81}},"2":{"start":{"line":3,"column":0},"end":{"line":3,"column":136}},"3":{"start":{"line":4,"column":0},"end":{"line":4,"column":60}},"4":{"start":{"line":14,"column":33},"end":{"line":27,"column":2}},"5":{"start":{"line":32,"column":23},"end":{"line":32,"column":63}},"6":{"start":{"line":33,"column":19},"end":{"line":33,"column":88}},"7":{"start":{"line":34,"column":2},"end":{"line":34,"column":23}},"8":{"start":{"line":34,"column":16},"end":{"line":34,"column":23}},"9":{"start":{"line":36,"column":18},"end":{"line":36,"column":47}},"10":{"start":{"line":37,"column":26},"end":{"line":37,"column":63}},"11":{"start":{"line":39,"column":2},"end":{"line":49,"column":4}},"12":{"start":{"line":45,"column":44},"end":{"line":45,"column":94}},"13":{"start":{"line":53,"column":15},"end":{"line":53,"column":54}},"14":{"start":{"line":54,"column":2},"end":{"line":54,"column":66}},"15":{"start":{"line":58,"column":15},"end":{"line":58,"column":62}},"16":{"start":{"line":59,"column":2},"end":{"line":59,"column":92}},"17":{"start":{"line":63,"column":2},"end":{"line":66,"column":4}},"18":{"start":{"line":70,"column":2},"end":{"line":74,"column":4}}},"fnMap":{"0":{"name":"seedDemoTemplate","decl":{"start":{"line":31,"column":22},"end":{"line":31,"column":38}},"loc":{"start":{"line":31,"column":61},"end":{"line":50,"column":1}}},"1":{"name":"(anonymous_1)","decl":{"start":{"line":45,"column":37},"end":{"line":45,"column":38}},"loc":{"start":{"line":45,"column":44},"end":{"line":45,"column":94}}},"2":{"name":"saveProduct","decl":{"start":{"line":52,"column":15},"end":{"line":52,"column":26}},"loc":{"start":{"line":52,"column":49},"end":{"line":55,"column":1}}},"3":{"name":"saveEndorsementType","decl":{"start":{"line":57,"column":15},"end":{"line":57,"column":34}},"loc":{"start":{"line":57,"column":57},"end":{"line":60,"column":1}}},"4":{"name":"buildEventsApplied","decl":{"start":{"line":62,"column":9},"end":{"line":62,"column":27}},"loc":{"start":{"line":62,"column":27},"end":{"line":67,"column":1}}},"5":{"name":"buildStaticMappings","decl":{"start":{"line":69,"column":9},"end":{"line":69,"column":28}},"loc":{"start":{"line":69,"column":28},"end":{"line":75,"column":1}}}},"branchMap":{"0":{"loc":{"start":{"line":34,"column":2},"end":{"line":34,"column":23}},"type":"if","locations":[{"start":{"line":34,"column":2},"end":{"line":34,"column":23}}]}},"s":{"0":2,"1":2,"2":2,"3":2,"4":2,"5":2,"6":2,"7":2,"8":1,"9":1,"10":1,"11":1,"12":12,"13":1,"14":1,"15":1,"16":1,"17":1,"18":1},"f":{"0":2,"1":12,"2":1,"3":1,"4":1,"5":1},"b":{"0":[1]}}
,"C:\\Users\\fmontenegro\\Documents\\proyectos\\interseguro-reto-tecnico\\api-endosos\\src\\infrastructure\\persistence\\repositories\\file:\\C:\\Users\\fmontenegro\\Documents\\proyectos\\interseguro-reto-tecnico\\api-endosos\\src\\infrastructure\\persistence\\repositories\\typeorm-template.repository.ts": {"path":"C:\\Users\\fmontenegro\\Documents\\proyectos\\interseguro-reto-tecnico\\api-endosos\\src\\infrastructure\\persistence\\repositories\\file:\\C:\\Users\\fmontenegro\\Documents\\proyectos\\interseguro-reto-tecnico\\api-endosos\\src\\infrastructure\\persistence\\repositories\\typeorm-template.repository.ts","statementMap":{"0":{"start":{"line":4,"column":0},"end":{"line":4,"column":61}},"1":{"start":{"line":7,"column":31},"end":{"line":7,"column":53}},"2":{"start":{"line":10,"column":21},"end":{"line":18,"column":6}},"3":{"start":{"line":20,"column":4},"end":{"line":20,"column":31}},"4":{"start":{"line":20,"column":19},"end":{"line":20,"column":31}},"5":{"start":{"line":22,"column":4},"end":{"line":32,"column":6}},"6":{"start":{"line":23,"column":56},"end":{"line":29,"column":8}},"7":{"start":{"line":30,"column":56},"end":{"line":30,"column":112}},"8":{"start":{"line":31,"column":58},"end":{"line":31,"column":116}},"9":{"start":{"line":6,"column":0},"end":{"line":6,"column":13}}},"fnMap":{"0":{"name":"(anonymous_0)","decl":{"start":{"line":7,"column":2},"end":{"line":7,"column":31}},"loc":{"start":{"line":7,"column":53},"end":{"line":7,"column":57}}},"1":{"name":"(anonymous_1)","decl":{"start":{"line":9,"column":2},"end":{"line":9,"column":7}},"loc":{"start":{"line":9,"column":75},"end":{"line":33,"column":3}}},"2":{"name":"(anonymous_2)","decl":{"start":{"line":23,"column":48},"end":{"line":23,"column":49}},"loc":{"start":{"line":23,"column":56},"end":{"line":29,"column":8}}},"3":{"name":"(anonymous_3)","decl":{"start":{"line":30,"column":48},"end":{"line":30,"column":49}},"loc":{"start":{"line":30,"column":56},"end":{"line":30,"column":112}}},"4":{"name":"(anonymous_4)","decl":{"start":{"line":31,"column":50},"end":{"line":31,"column":51}},"loc":{"start":{"line":31,"column":58},"end":{"line":31,"column":116}}}},"branchMap":{"0":{"loc":{"start":{"line":20,"column":4},"end":{"line":20,"column":31}},"type":"if","locations":[{"start":{"line":20,"column":4},"end":{"line":20,"column":31}}]}},"s":{"0":3,"1":10,"2":5,"3":4,"4":3,"5":1,"6":1,"7":1,"8":1,"9":3},"f":{"0":10,"1":5,"2":1,"3":1,"4":1},"b":{"0":[3]}}
,"C:\\Users\\fmontenegro\\Documents\\proyectos\\interseguro-reto-tecnico\\api-endosos\\src\\infrastructure\\secrets\\file:\\C:\\Users\\fmontenegro\\Documents\\proyectos\\interseguro-reto-tecnico\\api-endosos\\src\\infrastructure\\secrets\\vault-config.loader.ts": {"path":"C:\\Users\\fmontenegro\\Documents\\proyectos\\interseguro-reto-tecnico\\api-endosos\\src\\infrastructure\\secrets\\file:\\C:\\Users\\fmontenegro\\Documents\\proyectos\\interseguro-reto-tecnico\\api-endosos\\src\\infrastructure\\secrets\\vault-config.loader.ts","statementMap":{"0":{"start":{"line":14,"column":0},"end":{"line":14,"column":7}},"1":{"start":{"line":34,"column":0},"end":{"line":34,"column":16}},"2":{"start":{"line":15,"column":20},"end":{"line":15,"column":42}},"3":{"start":{"line":16,"column":21},"end":{"line":16,"column":44}},"4":{"start":{"line":17,"column":2},"end":{"line":17,"column":49}},"5":{"start":{"line":17,"column":33},"end":{"line":17,"column":49}},"6":{"start":{"line":19,"column":19},"end":{"line":21,"column":4}},"7":{"start":{"line":25,"column":2},"end":{"line":27,"column":3}},"8":{"start":{"line":26,"column":4},"end":{"line":26,"column":113}},"9":{"start":{"line":29,"column":16},"end":{"line":29,"column":37}},"10":{"start":{"line":30,"column":2},"end":{"line":30,"column":48}},"11":{"start":{"line":35,"column":2},"end":{"line":40,"column":4}}},"fnMap":{"0":{"name":"loadSecrets","decl":{"start":{"line":14,"column":22},"end":{"line":14,"column":33}},"loc":{"start":{"line":14,"column":87},"end":{"line":31,"column":1}}},"1":{"name":"mapVaultData","decl":{"start":{"line":34,"column":16},"end":{"line":34,"column":28}},"loc":{"start":{"line":34,"column":79},"end":{"line":41,"column":1}}}},"branchMap":{"0":{"loc":{"start":{"line":14,"column":56},"end":{"line":14,"column":87}},"type":"default-arg","locations":[{"start":{"line":14,"column":82},"end":{"line":14,"column":87}}]},"1":{"loc":{"start":{"line":17,"column":2},"end":{"line":17,"column":49}},"type":"if","locations":[{"start":{"line":17,"column":2},"end":{"line":17,"column":49}}]},"2":{"loc":{"start":{"line":17,"column":6},"end":{"line":17,"column":31}},"type":"binary-expr","locations":[{"start":{"line":17,"column":6},"end":{"line":17,"column":16}},{"start":{"line":17,"column":20},"end":{"line":17,"column":31}}]},"3":{"loc":{"start":{"line":25,"column":2},"end":{"line":27,"column":3}},"type":"if","locations":[{"start":{"line":25,"column":2},"end":{"line":27,"column":3}}]},"4":{"loc":{"start":{"line":36,"column":15},"end":{"line":36,"column":52}},"type":"binary-expr","locations":[{"start":{"line":36,"column":15},"end":{"line":36,"column":30}},{"start":{"line":36,"column":34},"end":{"line":36,"column":52}}]},"5":{"loc":{"start":{"line":37,"column":15},"end":{"line":37,"column":52}},"type":"binary-expr","locations":[{"start":{"line":37,"column":15},"end":{"line":37,"column":30}},{"start":{"line":37,"column":34},"end":{"line":37,"column":52}}]},"6":{"loc":{"start":{"line":38,"column":17},"end":{"line":38,"column":58}},"type":"binary-expr","locations":[{"start":{"line":38,"column":17},"end":{"line":38,"column":34}},{"start":{"line":38,"column":38},"end":{"line":38,"column":58}}]},"7":{"loc":{"start":{"line":39,"column":17},"end":{"line":39,"column":72}},"type":"binary-expr","locations":[{"start":{"line":39,"column":17},"end":{"line":39,"column":48}},{"start":{"line":39,"column":52},"end":{"line":39,"column":72}}]}},"s":{"0":2,"1":2,"2":4,"3":4,"4":4,"5":1,"6":3,"7":2,"8":1,"9":1,"10":1,"11":2},"f":{"0":4,"1":2},"b":{"0":[0],"1":[1],"2":[4,3],"3":[1],"4":[2,0],"5":[2,2],"6":[2,2],"7":[2,2]}}
}
